Using pre-set license
Built from '2020.3/release' branch; Version is '2020.3.1f1 (77a89f25062f) revision 7841951'; Using compiler version '192528614'; Build Type 'Release'
OS: 'Windows 10 Home; OS build 19044.1645; Version 2009; 64bit' Language: 'en' Physical Memory: 16315 MB
BatchMode: 1, IsHumanControllingUs: 0, StartBugReporterOnCrash: 0, Is64bit: 1, IsPro: 0

 COMMAND LINE ARGUMENTS:
C:\Program Files\Unity\Hub\Editor\2020.3.1f1\Editor\Unity.exe
-adb2
-batchMode
-noUpm
-name
AssetImportWorker0
-projectPath
C:/Study/Bolt_demo
-logFile
Logs/AssetImportWorker0.log
-srvPort
49699
Successfully changed project path to: C:/Study/Bolt_demo
C:/Study/Bolt_demo
Using Asset Import Pipeline V2.
Refreshing native plugins compatible for Editor in 37.80 ms, found 2 plugins.
Preloading 0 native plugins for Editor in 0.00 ms.
Initialize engine version: 2020.3.1f1 (77a89f25062f)
[Subsystems] Discovering subsystems at path C:/Program Files/Unity/Hub/Editor/2020.3.1f1/Editor/Data/Resources/UnitySubsystems
[Subsystems] Discovering subsystems at path C:/Study/Bolt_demo/Assets
GfxDevice: creating device client; threaded=0
Direct3D:
    Version:  Direct3D 11.0 [level 11.0]
    Renderer: NVIDIA GeForce GTX 760 (ID=0x1187)
    Vendor:   
    VRAM:     2007 MB
    Driver:   27.21.14.5671
Initialize mono
Mono path[0] = 'C:/Program Files/Unity/Hub/Editor/2020.3.1f1/Editor/Data/Managed'
Mono path[1] = 'C:/Program Files/Unity/Hub/Editor/2020.3.1f1/Editor/Data/MonoBleedingEdge/lib/mono/unityjit'
Mono config path = 'C:/Program Files/Unity/Hub/Editor/2020.3.1f1/Editor/Data/MonoBleedingEdge/etc'
Using monoOptions --debugger-agent=transport=dt_socket,embedding=1,server=y,suspend=n,address=127.0.0.1:56124
Begin MonoManager ReloadAssembly
Registering precompiled unity dll's ...
Register platform support module: C:/Program Files/Unity/Hub/Editor/2020.3.1f1/Editor/Data/PlaybackEngines/WebGLSupport/UnityEditor.WebGL.Extensions.dll
Register platform support module: C:/Program Files/Unity/Hub/Editor/2020.3.1f1/Editor/Data/PlaybackEngines/WindowsStandaloneSupport/UnityEditor.WindowsStandalone.Extensions.dll
Registered in 0.002613 seconds.
Native extension for WindowsStandalone target not found
Native extension for WebGL target not found
Refreshing native plugins compatible for Editor in 48.11 ms, found 2 plugins.
Preloading 0 native plugins for Editor in 0.00 ms.
Invoked RoslynAnalysisRunner static constructor.
RoslynAnalysisRunner will not be running.
RoslynAnalysisRunner has terminated.
Mono: successfully reloaded assembly
- Completed reload, in  2.386 seconds
Platform modules already initialized, skipping
Registering precompiled user dll's ...
Registered in 0.007332 seconds.
Begin MonoManager ReloadAssembly
Native extension for WindowsStandalone target not found
Native extension for WebGL target not found
Refreshing native plugins compatible for Editor in 43.71 ms, found 2 plugins.
Preloading 0 native plugins for Editor in 0.00 ms.
Invoked RoslynAnalysisRunner static constructor.
RoslynAnalysisRunner will not be running.
RoslynAnalysisRunner has terminated.
Mono: successfully reloaded assembly
- Completed reload, in  1.087 seconds
Platform modules already initialized, skipping
========================================================================
Worker process is ready to serve import requests
Launched and connected shader compiler UnityShaderCompiler.exe after 0.06 seconds
Refreshing native plugins compatible for Editor in 1.43 ms, found 2 plugins.
Preloading 0 native plugins for Editor in 0.00 ms.
Unloading 1836 Unused Serialized files (Serialized files now loaded: 0)
System memory in use before: 86.0 MB.
System memory in use after: 86.0 MB.

Unloading 40 unused Assets to reduce memory usage. Loaded Objects now: 2348.
Total: 3.618200 ms (FindLiveObjects: 0.859400 ms CreateObjectMapping: 0.086300 ms MarkObjects: 2.484400 ms  DeleteObjects: 0.186200 ms)

========================================================================
Received Import Request.
  path: Assets/Scripts/CameraColor.cs
  artifactKey: Guid(764bc8044dab73e4cafe6feebebf59f5) Importer(815301076,1909f56bfc062723c751e8b465ee728b)
Start importing Assets/Scripts/CameraColor.cs using Guid(764bc8044dab73e4cafe6feebebf59f5) Importer(815301076,1909f56bfc062723c751e8b465ee728b)  -> (artifact id: '805e7c56892cd9d8910baaa372e65ae0') in 0.025129 seconds
  Import took 0.028988 seconds .

========================================================================
Received Prepare
Registering precompiled user dll's ...
Registered in 0.005981 seconds.
Begin MonoManager ReloadAssembly
Native extension for WindowsStandalone target not found
Native extension for WebGL target not found
Refreshing native plugins compatible for Editor in 0.56 ms, found 2 plugins.
Preloading 0 native plugins for Editor in 0.00 ms.
Invoked RoslynAnalysisRunner static constructor.
RoslynAnalysisRunner will not be running.
RoslynAnalysisRunner has terminated.
Mono: successfully reloaded assembly
- Completed reload, in  0.820 seconds
Platform modules already initialized, skipping
Refreshing native plugins compatible for Editor in 0.57 ms, found 2 plugins.
Preloading 0 native plugins for Editor in 0.00 ms.
Unloading 1831 Unused Serialized files (Serialized files now loaded: 0)
System memory in use before: 86.0 MB.
System memory in use after: 86.0 MB.

Unloading 28 unused Assets to reduce memory usage. Loaded Objects now: 2352.
Total: 2.350700 ms (FindLiveObjects: 0.272000 ms CreateObjectMapping: 0.045900 ms MarkObjects: 1.906300 ms  DeleteObjects: 0.125300 ms)

========================================================================
Received Prepare
Registering precompiled user dll's ...
Registered in 0.005880 seconds.
Begin MonoManager ReloadAssembly
Native extension for WindowsStandalone target not found
Native extension for WebGL target not found
Refreshing native plugins compatible for Editor in 0.55 ms, found 2 plugins.
Preloading 0 native plugins for Editor in 0.00 ms.
Invoked RoslynAnalysisRunner static constructor.
RoslynAnalysisRunner will not be running.
RoslynAnalysisRunner has terminated.
Mono: successfully reloaded assembly
- Completed reload, in  0.813 seconds
Platform modules already initialized, skipping
Refreshing native plugins compatible for Editor in 0.56 ms, found 2 plugins.
Preloading 0 native plugins for Editor in 0.00 ms.
Unloading 1831 Unused Serialized files (Serialized files now loaded: 0)
System memory in use before: 86.0 MB.
System memory in use after: 86.0 MB.

Unloading 28 unused Assets to reduce memory usage. Loaded Objects now: 2356.
Total: 2.386900 ms (FindLiveObjects: 0.343600 ms CreateObjectMapping: 0.052600 ms MarkObjects: 1.859800 ms  DeleteObjects: 0.129700 ms)

========================================================================
Received Prepare
Registering precompiled user dll's ...
Registered in 0.006256 seconds.
Begin MonoManager ReloadAssembly
Native extension for WindowsStandalone target not found
Native extension for WebGL target not found
Refreshing native plugins compatible for Editor in 0.57 ms, found 2 plugins.
Preloading 0 native plugins for Editor in 0.00 ms.
Invoked RoslynAnalysisRunner static constructor.
RoslynAnalysisRunner will not be running.
RoslynAnalysisRunner has terminated.
Mono: successfully reloaded assembly
- Completed reload, in  0.813 seconds
Platform modules already initialized, skipping
Refreshing native plugins compatible for Editor in 0.51 ms, found 2 plugins.
Preloading 0 native plugins for Editor in 0.00 ms.
Unloading 1831 Unused Serialized files (Serialized files now loaded: 0)
System memory in use before: 86.1 MB.
System memory in use after: 86.1 MB.

Unloading 28 unused Assets to reduce memory usage. Loaded Objects now: 2360.
Total: 2.451300 ms (FindLiveObjects: 0.513800 ms CreateObjectMapping: 0.057300 ms MarkObjects: 1.746500 ms  DeleteObjects: 0.130900 ms)

========================================================================
Received Prepare
Registering precompiled user dll's ...
Registered in 0.006084 seconds.
Begin MonoManager ReloadAssembly
Native extension for WindowsStandalone target not found
Native extension for WebGL target not found
Refreshing native plugins compatible for Editor in 0.55 ms, found 2 plugins.
Preloading 0 native plugins for Editor in 0.00 ms.
Invoked RoslynAnalysisRunner static constructor.
RoslynAnalysisRunner will not be running.
RoslynAnalysisRunner has terminated.
Mono: successfully reloaded assembly
- Completed reload, in  0.817 seconds
Platform modules already initialized, skipping
Refreshing native plugins compatible for Editor in 0.53 ms, found 2 plugins.
Preloading 0 native plugins for Editor in 0.00 ms.
Unloading 1831 Unused Serialized files (Serialized files now loaded: 0)
System memory in use before: 86.1 MB.
System memory in use after: 86.1 MB.

Unloading 28 unused Assets to reduce memory usage. Loaded Objects now: 2364.
Total: 2.631300 ms (FindLiveObjects: 0.433600 ms CreateObjectMapping: 0.058700 ms MarkObjects: 2.005400 ms  DeleteObjects: 0.131100 ms)

========================================================================
Received Import Request.
  Time since last request: 656.343426 seconds.
  path: Assets/Scripts/Die.cs
  artifactKey: Guid(aedc4f0351b4cd64fa4417860088abff) Importer(815301076,1909f56bfc062723c751e8b465ee728b)
Start importing Assets/Scripts/Die.cs using Guid(aedc4f0351b4cd64fa4417860088abff) Importer(815301076,1909f56bfc062723c751e8b465ee728b)  -> (artifact id: '5e023b5fed1c88594e764a967f6f8d44') in 0.005554 seconds
  Import took 0.008693 seconds .

========================================================================
Received Import Request.
  Time since last request: 0.511531 seconds.
  path: Assets/Scripts/Idle.cs
  artifactKey: Guid(e0b25fbe5b2b51444a4676f16b508e53) Importer(815301076,1909f56bfc062723c751e8b465ee728b)
Start importing Assets/Scripts/Idle.cs using Guid(e0b25fbe5b2b51444a4676f16b508e53) Importer(815301076,1909f56bfc062723c751e8b465ee728b)  -> (artifact id: '074bcff820fbd4ad1f6e37d68b3143e3') in 0.002975 seconds
  Import took 0.006099 seconds .

========================================================================
Received Import Request.
  Time since last request: 0.004364 seconds.
  path: Assets/Scripts/Idle.cs
  artifactKey: Guid(e0b25fbe5b2b51444a4676f16b508e53) Importer(815301076,1909f56bfc062723c751e8b465ee728b)
Start importing Assets/Scripts/Idle.cs using Guid(e0b25fbe5b2b51444a4676f16b508e53) Importer(815301076,1909f56bfc062723c751e8b465ee728b)  -> (artifact id: '074bcff820fbd4ad1f6e37d68b3143e3') in 0.002664 seconds
  Import took 0.005657 seconds .

========================================================================
Received Prepare
Registering precompiled user dll's ...
Registered in 0.005908 seconds.
Begin MonoManager ReloadAssembly
Native extension for WindowsStandalone target not found
Native extension for WebGL target not found
Refreshing native plugins compatible for Editor in 0.80 ms, found 2 plugins.
Preloading 0 native plugins for Editor in 0.00 ms.
Invoked RoslynAnalysisRunner static constructor.
RoslynAnalysisRunner will not be running.
RoslynAnalysisRunner has terminated.
Mono: successfully reloaded assembly
- Completed reload, in  0.806 seconds
Platform modules already initialized, skipping
Refreshing native plugins compatible for Editor in 0.52 ms, found 2 plugins.
Preloading 0 native plugins for Editor in 0.00 ms.
Unloading 1831 Unused Serialized files (Serialized files now loaded: 0)
System memory in use before: 86.1 MB.
System memory in use after: 86.1 MB.

Unloading 28 unused Assets to reduce memory usage. Loaded Objects now: 2368.
Total: 2.579100 ms (FindLiveObjects: 0.357100 ms CreateObjectMapping: 0.050600 ms MarkObjects: 2.038200 ms  DeleteObjects: 0.130700 ms)

========================================================================
Received Prepare
Registering precompiled user dll's ...
Registered in 0.005885 seconds.
Begin MonoManager ReloadAssembly
Native extension for WindowsStandalone target not found
Native extension for WebGL target not found
Refreshing native plugins compatible for Editor in 0.66 ms, found 2 plugins.
Preloading 0 native plugins for Editor in 0.00 ms.
Invoked RoslynAnalysisRunner static constructor.
RoslynAnalysisRunner will not be running.
RoslynAnalysisRunner has terminated.
Mono: successfully reloaded assembly
- Completed reload, in  0.823 seconds
Platform modules already initialized, skipping
Refreshing native plugins compatible for Editor in 0.56 ms, found 2 plugins.
Preloading 0 native plugins for Editor in 0.00 ms.
Unloading 1831 Unused Serialized files (Serialized files now loaded: 0)
System memory in use before: 86.1 MB.
System memory in use after: 86.1 MB.

Unloading 28 unused Assets to reduce memory usage. Loaded Objects now: 2372.
Total: 2.136600 ms (FindLiveObjects: 0.238900 ms CreateObjectMapping: 0.051800 ms MarkObjects: 1.719600 ms  DeleteObjects: 0.125300 ms)

========================================================================
Received Prepare
Registering precompiled user dll's ...
Registered in 0.005905 seconds.
Begin MonoManager ReloadAssembly
Native extension for WindowsStandalone target not found
Native extension for WebGL target not found
Refreshing native plugins compatible for Editor in 0.66 ms, found 2 plugins.
Preloading 0 native plugins for Editor in 0.00 ms.
Invoked RoslynAnalysisRunner static constructor.
RoslynAnalysisRunner will not be running.
RoslynAnalysisRunner has terminated.
Mono: successfully reloaded assembly
- Completed reload, in  0.816 seconds
Platform modules already initialized, skipping
Refreshing native plugins compatible for Editor in 0.53 ms, found 2 plugins.
Preloading 0 native plugins for Editor in 0.00 ms.
Unloading 1831 Unused Serialized files (Serialized files now loaded: 0)
System memory in use before: 86.1 MB.
System memory in use after: 86.1 MB.

Unloading 28 unused Assets to reduce memory usage. Loaded Objects now: 2376.
Total: 2.749000 ms (FindLiveObjects: 0.355900 ms CreateObjectMapping: 0.056100 ms MarkObjects: 2.162400 ms  DeleteObjects: 0.173000 ms)

========================================================================
Received Prepare
Registering precompiled user dll's ...
Registered in 0.006378 seconds.
Begin MonoManager ReloadAssembly
Native extension for WindowsStandalone target not found
Native extension for WebGL target not found
Refreshing native plugins compatible for Editor in 0.55 ms, found 2 plugins.
Preloading 0 native plugins for Editor in 0.00 ms.
Invoked RoslynAnalysisRunner static constructor.
RoslynAnalysisRunner will not be running.
RoslynAnalysisRunner has terminated.
Mono: successfully reloaded assembly
- Completed reload, in  0.810 seconds
Platform modules already initialized, skipping
Refreshing native plugins compatible for Editor in 0.56 ms, found 2 plugins.
Preloading 0 native plugins for Editor in 0.00 ms.
Unloading 1831 Unused Serialized files (Serialized files now loaded: 0)
System memory in use before: 86.1 MB.
System memory in use after: 86.1 MB.

Unloading 28 unused Assets to reduce memory usage. Loaded Objects now: 2380.
Total: 2.862900 ms (FindLiveObjects: 0.324300 ms CreateObjectMapping: 0.050000 ms MarkObjects: 2.358200 ms  DeleteObjects: 0.129500 ms)

========================================================================
Received Prepare
Registering precompiled user dll's ...
Registered in 0.005893 seconds.
Begin MonoManager ReloadAssembly
Native extension for WindowsStandalone target not found
Native extension for WebGL target not found
Refreshing native plugins compatible for Editor in 0.56 ms, found 2 plugins.
Preloading 0 native plugins for Editor in 0.00 ms.
Invoked RoslynAnalysisRunner static constructor.
RoslynAnalysisRunner will not be running.
RoslynAnalysisRunner has terminated.
Mono: successfully reloaded assembly
- Completed reload, in  0.805 seconds
Platform modules already initialized, skipping
Refreshing native plugins compatible for Editor in 0.52 ms, found 2 plugins.
Preloading 0 native plugins for Editor in 0.00 ms.
Unloading 1831 Unused Serialized files (Serialized files now loaded: 0)
System memory in use before: 86.1 MB.
System memory in use after: 86.1 MB.

Unloading 28 unused Assets to reduce memory usage. Loaded Objects now: 2384.
Total: 2.347800 ms (FindLiveObjects: 0.258000 ms CreateObjectMapping: 0.052700 ms MarkObjects: 1.908800 ms  DeleteObjects: 0.126700 ms)

AssetImportWorkerClient::OnTransportError - code=2 error=End of file
